Attempting to parse 05-1.mscx
Done parsing 05-1.mscx

The following chords could not be parsed:
      mc   mn onset      label
72    42   42     0     .bVII6
76    44   44     0   .bVII(4)
77    44   44   1/4  .bVII(#9)
78    44   44   1/2      .bVII
79    45   45     0       .Fr6
80    45   45   1/4      .Ger6
81    45   45   1/2       .It6
312  136  136     0     .bII\\
316  138  138     0      .bII6
319  139  139     0      .bII6
322  140  140     0       .bII
325  141  141     0       .bII
436  193  193     0       .bV6
440  195  195     0     .bV(4)
441  195  195   1/4    .bV(#9)
442  195  195   1/2      .bV\\
444  197  197     0       .bV6
448  199  199     0     .bV(4)
449  199  199   1/4    .bV(#9)
450  199  199   1/2      .bV\\
459  204  204     0    .Fr6/iv
460  204  204   1/4   .Ger6/iv
461  204  204   1/2    .It6/iv
625  264  264     0      .Ger6
Failed to expand labels due to syntactic errors:
repl_spec() missing 1 required positional argument: 'special'
