Attempting to parse 05-3.mscx
MC 1 seems to be a pickup measure but has not been excluded from bar count!
MC 1 is completing MC 47 but has not been excluded from bar count!
MC 48 is completing MC 47 but has not been excluded from bar count!
Done parsing 05-3.mscx

The following chords could not be parsed:
      mc   mn onset  label
7      4    4     0   .It6
8      4    4   1/4  .Ger6
9      4    4   3/4   .It6
112   42   42   3/4  .Ger6
150   62   62     0   .It6
151   62   62   1/4  .Ger6
152   62   62   3/4   .It6
249  100  100   3/4  .Ger6
265  104  104   3/8   .bII
267  104  104   3/4  .bII6
270  105  105   1/4   .bII
273  105  105   3/4  .bII6
279  109  109     0   .bII
281  109  109   3/4  .bII6
284  111  111     0   .bII
289  113  113     0   .bII
291  113  113   3/4  .bII6
Failed to expand labels due to syntactic errors:
repl_spec() missing 1 required positional argument: 'special'
