Attempting to parse 06-3.mscx
MC 1 seems to be a pickup measure but has not been excluded from bar count!
MC 1 is completing MC 33 but has not been excluded from bar count!
MC 34 is completing MC 33 but has not been excluded from bar count!
Done parsing 06-3.mscx

The following chords could not be parsed:
      mc   mn onset     label
67    35   35     0     .bIII
68    36   36     0    .bIII6
72    39   39     0     .bIII
75    43   43     0   .bIII\\
76    43   43   3/8    .bIII6
77    44   44     0     .bIII
78    44   44   3/8   .bIII64
79    45   45     0    .bIII6
104   64   64     0  .Ger6/vi
181   96   96   1/8   .It6/ii
203  104  104   1/8   .It6/IV
224  115  115   3/8    .bIII6
225  116  116     0     .bII6
237  122  122     0      .It6
Failed to expand labels due to syntactic errors:
repl_spec() missing 1 required positional argument: 'special'
