INFO     07-1.ms3 -- Attempting to parse 07-1.mscx
WARNING  07-1.ms3 -- MC 38 contains an empty <Harmony> tag. It is stored as 'empty_harmony'.
WARNING  07-1.ms3 -- Doublings: mc  onset
38  0        empty_harmony
    0                    I
Name: chords, dtype: object
INFO     07-1.ms3 -- Done parsing 07-1.mscx

WARNING  07-1.expand_labels -- The following chords could not be parsed:
      mc   mn onset          label
67    38   37     0  empty_harmony
127   76   75     0       I6/.bIII
131   78   77     0          .bIII
195  135  133     0       .bVI[bVI
196  136  134     0          .bvii
197  136  134   1/2           .bVI
198  137  135     0          .bvii
199  137  135   1/2           .bVI
200  138  136     0         .bvii6
202  139  137     0         .bVI\\
203  140  138     0          .bvii
204  140  138   1/2           .bVI
205  141  139     0          .bvii
206  141  139   1/2           .bVI
207  142  140     0         .bvii6
209  143  141     0          .bVI]
430  322  320   3/4          .Ger6
WARNING  07-1.expand_labels -- MC 198: #viio7 in major context is most probably an annotation error.
WARNING  07-1.expand_labels -- MC 66: #viio in major context is most probably an annotation error.
WARNING  07-1.expand_labels -- MC 202: #viio6 in major context is most probably an annotation error.
WARNING  07-1.expand_labels -- MC 227: #viio6 in major context is most probably an annotation error.
