Attempting to parse 08-3.mscx
MC 1 seems to be a pickup measure but has not been excluded from bar count!
Done parsing 08-3.mscx

The following chords could not be parsed:
      mc   mn onset    label
ix                          
8      7    7   1/2    .Ger6
54    33   33     0  .It6(7)
55    33   33   3/4     .It6
75    47   47   1/2     .Fr6
96    58   58     0     iv/6
108   68   68   1/2    .Ger6
224  127  127   1/2    .Ger6
237  134  134   1/2     .Fr6
308  177  177   1/2    .Ger6
314  181  181   1/2    .Ger6
324  186  186   1/4    .Ger6
349  199  199     0    .bII6
356  208  208     0    .Ger6
Failed to expand labels due to syntactic errors:
repl_spec() missing 1 required positional argument: 'special'
