INFO     09-3.ms3 -- Attempting to parse 09-3.mscx
WARNING  09-3.ms3 -- MC 10 is completing MC 9 but has not been excluded from bar count!
INFO     09-3.ms3 -- Done parsing 09-3.mscx

WARNING  09-3.expand_labels -- The following chords could not be parsed:
      mc   mn onset           label
99    41   39   1/4  .bIII.iii6(+4)
141   72   70     0            .bVI
147   75   73     0            .bVI
203  107  104     0      .bII[I/bII
ERROR    09-3 -- Could not expand labels due to errors:
Traceback (most recent call last):
  File "scripts/parallel_parse.py", line 93, in parse
    expanded = expand_labels(chord_list, column='label', regex=regex, chord_tones=True, groupby=None, logger_name=S.fname).df
  File "/home/hentsche/corpora/scripts/expand_labels.py", line 421, in __init__
    df = self.propagate_pedal(df, cols=cols)
  File "/home/hentsche/corpora/scripts/expand_labels.py", line 747, in propagate_pedal
    assert n_b == n_e, f"{n_b} organ points started, {n_e} ended:\n{make_comparison()}"
AssertionError: 1 organ points started, 2 ended:
     mc pedal   mc pedalend
0    44     V   48        ]
1  <NA>   NaN  109        ]
