2020-11-06 16:09:38 WARNING  13-4:MeasureList -- bs4_measures.py (line 674) make_offset_col():
	The incomplete MC 267 (timesig 3/4, act_dur 1/2) is completed by 1 incorrect duration (expected: 1/4):
	{268: Fraction(1, 2)}
2020-11-06 16:09:38 WARNING  13-4:MeasureList -- bs4_measures.py (line 674) make_offset_col():
	The incomplete MC 269 (timesig 3/4, act_dur 1/2) is completed by 1 incorrect duration (expected: 1/4):
	{270: Fraction(1, 2)}
2020-11-06 16:09:38 WARNING  13-4:MeasureList -- bs4_measures.py (line 674) make_offset_col():
	The incomplete MC 271 (timesig 3/4, act_dur 1/2) is completed by 1 incorrect duration (expected: 1/4):
	{272: Fraction(1, 2)}
2020-11-06 16:09:38 WARNING  13-4:MeasureList -- bs4_measures.py (line 674) make_offset_col():
	The incomplete MC 273 (timesig 3/4, act_dur 1/2) is completed by 1 incorrect duration (expected: 1/4):
	{274: Fraction(1, 2)}
2020-11-06 16:09:38 WARNING  13-4:MeasureList -- bs4_measures.py (line 674) make_offset_col():
	The incomplete MC 275 (timesig 3/4, act_dur 1/2) is completed by 1 incorrect duration (expected: 1/4):
	{276: Fraction(1, 2)}
2020-11-06 16:09:38 WARNING  13-4:MeasureList -- bs4_measures.py (line 674) make_offset_col():
	The incomplete MC 277 (timesig 3/4, act_dur 1/2) is completed by 1 incorrect duration (expected: 1/4):
	{278: Fraction(1, 2)}
2020-11-06 16:09:38 WARNING  13-4:MeasureList -- bs4_measures.py (line 674) make_offset_col():
	The incomplete MC 279 (timesig 3/4, act_dur 1/2) is completed by 1 incorrect duration (expected: 1/4):
	{280: Fraction(1, 2)}
2020-11-06 16:09:38 WARNING  13-4:MeasureList -- bs4_measures.py (line 674) make_offset_col():
	The incomplete MC 281 (timesig 3/4, act_dur 1/2) is completed by 1 incorrect duration (expected: 1/4):
	{282: Fraction(1, 2)}
2020-11-06 16:09:38 WARNING  13-4:MeasureList -- bs4_measures.py (line 674) make_offset_col():
	The incomplete MC 283 (timesig 3/4, act_dur 1/2) is completed by 1 incorrect duration (expected: 1/4):
	{284: Fraction(1, 2)}
2020-11-06 16:09:38 WARNING  13-4:MeasureList -- bs4_measures.py (line 674) make_offset_col():
	The incomplete MC 285 (timesig 3/4, act_dur 1/2) is completed by 1 incorrect duration (expected: 1/4):
	{286: Fraction(1, 2)}
2020-11-06 16:09:38 WARNING  13-4:MeasureList -- bs4_measures.py (line 197) check_measure_numbers():
	MCs 268, 270, 272, 274, 276, 278, 280, 282, 284, 286 seem to be offset from the MN's beginning but have not been excluded from barcount. Context:
	      mc   mn act_dur mc_offset  dont_count  numbering_offset
	266  267  266     1/2         0        <NA>              <NA>
	267  268  267     1/2       1/4        <NA>              <NA>
	268  269  268     1/2         0        <NA>              <NA>
	269  270  269     1/2       1/4        <NA>              <NA>
	270  271  270     1/2         0        <NA>              <NA>
	271  272  271     1/2       1/4        <NA>              <NA>
	272  273  272     1/2         0        <NA>              <NA>
	273  274  273     1/2       1/4        <NA>              <NA>
	274  275  274     1/2         0        <NA>              <NA>
	275  276  275     1/2       1/4        <NA>              <NA>
	276  277  276     1/2         0        <NA>              <NA>
	277  278  277     1/2       1/4        <NA>              <NA>
	278  279  278     1/2         0        <NA>              <NA>
	279  280  279     1/2       1/4        <NA>              <NA>
	280  281  280     1/2         0        <NA>              <NA>
	281  282  281     1/2       1/4        <NA>              <NA>
	282  283  282     1/2         0        <NA>              <NA>
	283  284  283     1/2       1/4        <NA>              <NA>
	284  285  284     1/2         0        <NA>              <NA>
	285  286  285     1/2       1/4        <NA>              <NA>
