Attempting to parse 16-1.mscx
MC 1 seems to be a pickup measure but has not been excluded from bar count!
Done parsing 16-1.mscx

The following chords could not be parsed:
      mc   mn onset    label
5     12   12  7/16    .bVII
27    56   56   1/4     .It6
33    60   60   1/4     .It6
36    62   62   1/4     .It6
39    64   64   1/4     .It6
122  129  129     0   .bVII6
124  131  131     0    .bVII
126  133  133     0   .bIII6
128  135  135     0  .bIII\\
153  157  157   1/4     .bVI
156  159  159   1/4    .Ger6
158  160  160   1/4    .Ger6
160  161  161   1/4    .Ger6
162  162  162   1/4    .Ger6
187  212  212   1/4     .It6
190  214  214   1/4     .It6
193  216  216   1/4     .It6
Failed to expand labels due to syntactic errors:
repl_spec() missing 1 required positional argument: 'special'
