Attempting to parse 17-1.mscx
Single volta: [[93]]. Delete it or add another one.
Done parsing 17-1.mscx

The following chords could not be parsed:
      mc   mn onset    label
13     5    5   3/4     .It6
25    10   10   3/4    .bII6
92    55   55   1/2    .bII6
96    57   57   1/2    .bII6
100   59   59   1/2    .bII6
107   62   62   1/4    .bII6
112   64   64     0     .bII
117   66   66     0     .bII
122   68   68     0     .bII
228  124  124     0     .It6
266  144  144   1/2     .bII
274  146  146   1/2     .bII
277  148  148   7/8    @none
290  155  155   3/4     .It6
294  159  159     0    @none
326  189  189   1/2    .bII6
330  191  191   1/2    .bII6
334  193  193   1/2  .bIIM65
341  196  196   1/4    .bII6
346  198  198     0     .bII
351  200  200     0     .bII
356  202  202     0     .bII
Failed to expand labels due to syntactic errors:
repl_spec() missing 1 required positional argument: 'special'
