Attempting to parse 17-3.mscx
MC 1 seems to be a pickup measure but has not been excluded from bar count!
Done parsing 17-3.mscx

The following chords could not be parsed:
      mc   mn onset  label
12    11   11     0   .bII
19    19   19     0   .bII
45    43   43   1/4   .It6
87    61   61     0  .bII6
180  144  144     0   .bIV
182  147  147  3/16  .bV64
183  148  148     0    .bV
195  162  162     0  .bIV6
197  166  166     0  .Ger6
255  225  225     0   .bII
262  233  233     0   .bII
303  271  271     0   .It6
345  289  289     0  .bII6
428  361  361     0   .bII
435  369  369     0   .bII
Failed to expand labels due to syntactic errors:
repl_spec() missing 1 required positional argument: 'special'
