INFO     18-1.ms3 -- Attempting to parse 18-1.mscx
INFO     18-1.ms3 -- Done parsing 18-1.mscx

WARNING  18-1.expand_labels -- The following chords could not be parsed:
      mc   mn onset     label
31    35   35   1/2    .bVI64
35    37   37   1/2    .bVI64
39    39   39   1/2   .bIII64
43    41   41   1/2   .bIII64
46    43   43     0     .Ger6
101   92   92     0  .Ger6/vi
252  226  226     0    .bvii6
ERROR    18-1 -- Could not expand labels due to errors:
Traceback (most recent call last):
  File "scripts/parallel_parse.py", line 93, in parse
    expanded = expand_labels(chord_list, column='label', regex=regex, chord_tones=True, groupby=None, logger_name=S.fname).df
  File "/home/hentsche/corpora/scripts/expand_labels.py", line 421, in __init__
    df = self.propagate_pedal(df, cols=cols)
  File "/home/hentsche/corpora/scripts/expand_labels.py", line 747, in propagate_pedal
    assert n_b == n_e, f"{n_b} organ points started, {n_e} ended:\n{make_comparison()}"
AssertionError: 3 organ points started, 1 ended:
    mc pedal    mc pedalend
0   17     I   108        ]
1  100    vi  <NA>      NaN
2  153     I  <NA>      NaN
