INFO     18-4.ms3 -- Attempting to parse 18-4.mscx
WARNING  18-4.ms3 -- Single volta: [[81, 82]]. Delete it or add another one.
INFO     18-4.ms3 -- Done parsing 18-4.mscx

WARNING  18-4.expand_labels -- The following chords could not be parsed:
      mc   mn onset    label
102   87   84     0    .bIII
104   88   85     0   .bIII6
106   89   86     0   .bIII6
114   94   91     0  .bIII\\
152  115  112     0   .bVII6
153  115  112   3/8  .bVII64
154  116  113     0   .bVII6
155  116  113   3/8  .bVII64
156  117  114     0   .bVII6
157  117  114   3/8  .bVII64
158  118  115     0   .bVII6
159  118  115   3/8  .bVII64
298  207  204     0    .bVI6
299  207  204   3/8     .bVI
302  209  206     0    .bVI6
303  209  206   3/8     .bVI
309  215  212   3/8    .bIII
311  220  217   3/8    .bIII
322  228  225   3/8    .bIII
332  242  239     0    .bIII
334  248  245     0    .bIII
