INFO     21-1.ms3 -- Attempting to parse 21-1.mscx
WARNING  21-1.ms3 -- Single volta: [[88]]. Delete it or add another one.
INFO     21-1.ms3 -- Done parsing 21-1.mscx

WARNING  21-1.expand_labels -- The following chords could not be parsed:
      mc   mn onset     label
179   82   82   3/4     .bII6
234  106  104   1/2   .bvii64
235  107  105     0     .bVM2
236  107  105   1/2      .bI6
238  108  106   1/2    .bvii6
240  109  107   1/2     .bVI6
241  110  108     0    .bIIM2
242  110  108   1/2      .bV6
250  113  111   3/4   .It6/iv
271  122  120     0     .bVII
275  123  121     0    .bVII6
276  123  121   1/4     .bVII
283  126  124     0     .biii
284  126  124   1/2   .biii64
297  136  134     0    .bII64
298  136  134   1/2     .bII6
339  171  169     0      .bII
341  173  171     0     .bIII
342  173  171   1/4   .bIII64
343  173  171   1/2    .bIII6
344  173  171   3/4     .bIII
361  185  183     0  .Ger6/vi
363  185  183   3/4  .Ger6/vi
509  239  237   1/2     .bII6
538  251  249     0    .bII\\
540  253  251     0     .bVI6
542  255  253     0    .bvii6
556  260  258     0     .Ger6
557  260  258   1/4      .It6
558  260  258   1/2      .bVI
559  260  258   3/4     .Ger6
