INFO     26-3.ms3 -- Attempting to parse 26-3.mscx
INFO     26-3.ms3 -- Done parsing 26-3.mscx

WARNING  26-3.expand_labels -- The following chords could not be parsed:
      mc   mn onset  label
66    38   38     0  .bVI6
68    45   45     0  .bVI6
127   85   84   3/8  .bVI6
130   87   86     0  .bIII
209  132  131     0  .bVI6
211  139  138     0  .bVI6
ERROR    26-3 -- Could not expand labels due to errors:
Traceback (most recent call last):
  File "scripts/parallel_parse.py", line 93, in parse
    expanded = expand_labels(chord_list, column='label', regex=regex, chord_tones=True, groupby=None, logger_name=S.fname).df
  File "/home/hentsche/corpora/scripts/expand_labels.py", line 421, in __init__
    df = self.propagate_pedal(df, cols=cols)
  File "/home/hentsche/corpora/scripts/expand_labels.py", line 747, in propagate_pedal
    assert n_b == n_e, f"{n_b} organ points started, {n_e} ended:\n{make_comparison()}"
AssertionError: 2 organ points started, 1 ended:
    mc pedal    mc pedalend
0   29     I    36        ]
1  123     I  <NA>      NaN
