INFO     30-3.ms3 -- Attempting to parse 30-3.mscx
WARNING  30-3.ms3 -- Voltas with measure COUNTS [[33, 34], [35]] have different lengths.
    Check measure NUMBERS with authoritative score. To silence the warning, either make all voltas
    the same length or exclude all measures in voltas > 1 from the bar count.
WARNING  30-3.ms3 -- MC 25 in volta [25] has not been excluded from barcount.
WARNING  30-3.ms3 -- MC 35 in volta [35] has not been excluded from barcount.
WARNING  30-3.ms3 -- MCs [109 110] in volta [109, 110] have not been excluded from barcount.
WARNING  30-3.ms3 -- MC 167 (3/4) and MC 168 (1/4) don't add up to 9/8.
INFO     30-3.ms3 -- Done parsing 30-3.mscx

WARNING  30-3.expand_labels -- The following chords could not be parsed:
      mc   mn onset   label
23     7    7   1/2    .It6
24     8    8     0   .Ger6
135   51   48     0   .Ger6
227   83   80   1/4    .It6
301  106  103     1   .Ger6
305  107  103   3/4    .It6
314  109  104   3/4    .It6
389  133  126   1/2  .bII64
392  134  127   1/4  .bIII6
394  135  128     0    .bVI
395  135  128   5/8   .Ger6
512  166  159     1    .bVI
513  167  160   3/8   .Ger6
537  176  168   1/3    .It6
622  202  194   1/2    .It6
623  203  195     0   .Ger6
