2020-11-06 16:10:27 WARNING  32-2:MeasureList -- bs4_measures.py (line 739) treat_group():
	The incorrect structure {1: [37], 2: [39]} of the volta groupa of MC 37 has been corrected to {1: [37, 38], 2: [39]}.
2020-11-06 16:10:27 WARNING  32-2:MeasureList -- bs4_measures.py (line 674) make_offset_col():
	The incomplete MC 40 (timesig 3/8, act_dur 3/16) is completed by 1 incorrect duration (expected: 3/16):
	{41: Fraction(3, 8)}
2020-11-06 16:10:27 WARNING  32-2:MeasureList -- bs4_measures.py (line 674) make_offset_col():
	The incomplete MC 48 (timesig 3/8, act_dur 1/4) is completed by 1 incorrect duration (expected: 1/8):
	{40: Fraction(3, 16)}
2020-11-06 16:10:27 WARNING  32-2:MeasureList -- bs4_measures.py (line 674) make_offset_col():
	The incomplete MC 67 (timesig 3/8, act_dur 1/4) is completed by 1 incorrect duration (expected: 1/8):
	{68: Fraction(3, 8)}
2020-11-06 16:10:27 WARNING  32-2:MeasureList -- bs4_measures.py (line 674) make_offset_col():
	The incomplete MC 77 (timesig 3/8, act_dur 1/4) is completed by 1 incorrect duration (expected: 1/8):
	{78: Fraction(3, 16)}
2020-11-06 16:10:27 WARNING  32-2:MeasureList -- bs4_measures.py (line 197) check_measure_numbers():
	MC 30 seems to be offset from the MN's beginning but has not been excluded from barcount. Context:
	    mc  mn act_dur mc_offset  dont_count  numbering_offset
	28  29  25    3/16         0        <NA>              <NA>
	29  30  26     3/8      3/16        <NA>              <NA>
	30  31  27    9/16         0        <NA>              <NA>
